<?xml version="1.0" encoding="UTF-8"?>
<testsuite xmlns:xsi="http://www.w3.org/2001/XMLSchema-instance" xsi:noNamespaceSchemaLocation="https://maven.apache.org/surefire/maven-surefire-plugin/xsd/surefire-test-report.xsd" name="TextEditorTest" time="0.989" tests="7" errors="0" skipped="0" failures="0">
  <properties>
[...]
</properties>
  <testcase name="cplusplus_file_extension_extraction_should_be_cpp" classname="TextEditorTest" time="0.661"/>
  <testcase name="java_file_extension_extraction_should_be_java" classname="TextEditorTest" time="0.04"/>
  <testcase name="python_file_extension_extraction_should_be_py" classname="TextEditorTest" time="0.049"/>
  <testcase name="csv_file_extension_extraction_should_be_csv" classname="TextEditorTest" time="0.047"/>
  <testcase name="php_file_extension_extraction_should_be_php" classname="TextEditorTest" time="0.057"/>
  <testcase name="c_file_extension_extraction_should_be_c" classname="TextEditorTest" time="0.051"/>
  <testcase name="txt_file_extension_extraction_should_be_txt" classname="TextEditorTest" time="0.054"/>
</testsuite>