<?xml version="1.0" encoding="UTF-8"?>
<testsuite xmlns:xsi="http://www.w3.org/2001/XMLSchema-instance" xsi:noNamespaceSchemaLocation="https://maven.apache.org/surefire/maven-surefire-plugin/xsd/surefire-test-report-3.0.xsd" version="3.0" name="TextEditorGUITest" time="1.033" tests="2" errors="0" skipped="0" failures="0">
  <properties>
[...]
</properties>
  <testcase name="text_default_setting_should_equals_to_config_file" classname="TextEditorGUITest" time="0.536"/>
  <testcase name="testFileExtensionCorrectlyExtract" classname="TextEditorGUITest" time="0.456"/>
</testsuite>